2025-12-26 17:19:02 [main] INFO  com.zhiwen.spgl.SpglApplication-Starting SpglApplication using Java 21.0.8 with PID 9248 (D:\JavaCode\DXC_java_homeWork\spgl\target\classes started by Lenovo in D:\JavaCode\DXC_java_homeWork)
2025-12-26 17:19:02 [main] INFO  com.zhiwen.spgl.SpglApplication-No active profile set, falling back to 1 default profile: "default"
2025-12-26 17:19:03 [main] INFO  org.springframework.boot.tomcat.TomcatWebServer-Tomcat initialized with port 8080 (http)
2025-12-26 17:19:03 [main] INFO  org.apache.coyote.http11.Http11NioProtocol-Initializing ProtocolHandler ["http-nio-8080"]
2025-12-26 17:19:03 [main] INFO  org.apache.catalina.core.StandardService-Starting service [Tomcat]
2025-12-26 17:19:03 [main] INFO  org.apache.catalina.core.StandardEngine-Starting Servlet engine: [Apache Tomcat/11.0.14]
2025-12-26 17:19:03 [main] INFO  o.s.b.w.c.servlet.WebApplicationContextInitializer-Root WebApplicationContext: initialization completed in 1290 ms
2025-12-26 17:19:03 [main] INFO  o.s.b.w.autoconfigure.WelcomePageHandlerMapping-Adding welcome page: class path resource [static/index.html]
2025-12-26 17:19:04 [main] INFO  org.apache.coyote.http11.Http11NioProtocol-Starting ProtocolHandler ["http-nio-8080"]
2025-12-26 17:19:04 [main] INFO  org.springframework.boot.tomcat.TomcatWebServer-Tomcat started on port 8080 (http) with context path '/'
2025-12-26 17:19:04 [main] INFO  com.zhiwen.spgl.SpglApplication-Started SpglApplication in 2.512 seconds (process running for 3.956)
2025-12-26 17:22:08 [http-nio-8080-exec-1] INFO  o.a.c.core.ContainerBase.[Tomcat].[localhost].[/]-Initializing Spring DispatcherServlet 'dispatcherServlet'
2025-12-26 17:22:08 [http-nio-8080-exec-1] INFO  org.springframework.web.servlet.DispatcherServlet-Initializing Servlet 'dispatcherServlet'
2025-12-26 17:22:08 [http-nio-8080-exec-1] INFO  org.springframework.web.servlet.DispatcherServlet-Completed initialization in 1 ms
2025-12-26 17:22:08 [http-nio-8080-exec-1] INFO  com.zhiwen.spgl.Controller.productController-根路径跳转
2025-12-26 17:22:08 [http-nio-8080-exec-4] INFO  com.zhiwen.spgl.Controller.productController-获取所有商品,名称:null,分类id:null
2025-12-26 17:22:08 [http-nio-8080-exec-4] INFO  com.zaxxer.hikari.HikariDataSource-HikariPool-1 - Starting...
2025-12-26 17:22:08 [http-nio-8080-exec-4] INFO  com.zaxxer.hikari.pool.HikariPool-HikariPool-1 - Added connection com.mysql.cj.jdbc.ConnectionImpl@37d8afc6
2025-12-26 17:22:08 [http-nio-8080-exec-4] INFO  com.zaxxer.hikari.HikariDataSource-HikariPool-1 - Start completed.
2025-12-26 17:22:12 [http-nio-8080-exec-4] INFO  com.zhiwen.spgl.Controller.categoryController-获取所有分类
2025-12-26 17:22:12 [http-nio-8080-exec-6] INFO  com.zhiwen.spgl.Controller.productController-分页查询商品,第1页,名称:null，分类id:null
2025-12-26 17:22:12 [http-nio-8080-exec-7] INFO  com.zhiwen.spgl.Controller.categoryController-获取所有分类
2025-12-26 17:22:12 [http-nio-8080-exec-5] INFO  com.zhiwen.spgl.Controller.productController-获取商品总数,名称:null,分类id:null
2025-12-26 17:22:15 [http-nio-8080-exec-1] INFO  com.zhiwen.spgl.Controller.productController-分页查询商品,第1页,名称:null，分类id:1
2025-12-26 17:22:15 [http-nio-8080-exec-10] INFO  com.zhiwen.spgl.Controller.categoryController-获取所有分类
2025-12-26 17:22:15 [http-nio-8080-exec-4] INFO  com.zhiwen.spgl.Controller.productController-获取商品总数,名称:null,分类id:1
2025-12-26 17:22:20 [http-nio-8080-exec-3] INFO  com.zhiwen.spgl.Controller.productController-分页查询商品,第1页,名称:null，分类id:null
2025-12-26 17:22:20 [http-nio-8080-exec-2] INFO  com.zhiwen.spgl.Controller.categoryController-获取所有分类
2025-12-26 17:22:20 [http-nio-8080-exec-9] INFO  com.zhiwen.spgl.Controller.productController-获取商品总数,名称:null,分类id:null
2025-12-26 17:28:45 [http-nio-8080-exec-4] INFO  com.zhiwen.spgl.Controller.productController-分页查询商品,第2页,名称:null，分类id:null
2025-12-26 17:28:45 [http-nio-8080-exec-8] INFO  com.zhiwen.spgl.Controller.categoryController-获取所有分类
2025-12-26 17:28:45 [http-nio-8080-exec-3] INFO  com.zhiwen.spgl.Controller.productController-获取商品总数,名称:null,分类id:null
2025-12-26 17:28:48 [http-nio-8080-exec-7] INFO  com.zhiwen.spgl.Controller.productController-分页查询商品,第3页,名称:null，分类id:null
2025-12-26 17:28:48 [http-nio-8080-exec-6] INFO  com.zhiwen.spgl.Controller.categoryController-获取所有分类
2025-12-26 17:28:48 [http-nio-8080-exec-4] INFO  com.zhiwen.spgl.Controller.productController-获取商品总数,名称:null,分类id:null
2025-12-26 17:28:50 [http-nio-8080-exec-7] INFO  com.zhiwen.spgl.Controller.productController-分页查询商品,第1页,名称:null，分类id:null
2025-12-26 17:28:50 [http-nio-8080-exec-6] INFO  com.zhiwen.spgl.Controller.categoryController-获取所有分类
2025-12-26 17:28:50 [http-nio-8080-exec-8] INFO  com.zhiwen.spgl.Controller.productController-获取商品总数,名称:null,分类id:null
2025-12-26 17:34:32 [SpringApplicationShutdownHook] INFO  org.springframework.boot.tomcat.GracefulShutdown-Commencing graceful shutdown. Waiting for active requests to complete
2025-12-26 17:34:32 [tomcat-shutdown] INFO  org.springframework.boot.tomcat.GracefulShutdown-Graceful shutdown complete
2025-12-26 17:34:32 [SpringApplicationShutdownHook] INFO  com.zaxxer.hikari.HikariDataSource-HikariPool-1 - Shutdown initiated...
2025-12-26 17:34:32 [SpringApplicationShutdownHook] INFO  com.zaxxer.hikari.HikariDataSource-HikariPool-1 - Shutdown completed.
